Arguments: 
  /usr/local/bin/node /usr/local/bin/yarn install

PATH: 
  /bin:/usr/bin:/usr/local/bin

Yarn version: 
  1.22.19

Node version: 
  20.19.1

Platform: 
  linux x64

Trace: 
  Error: EIO: 'npm-package-arg@7.0.0' not found in cache, try running install again
      at Error.fromJSON (https://w-credentialless-staticblitz.com/fetch.worker.cf284e50.js:1:234374)
      at Error.create (https://w-credentialless-staticblitz.com/fetch.worker.cf284e50.js:1:233920)
      at _0x3880c3._buildBatchRequest (https://w-credentialless-staticblitz.com/fetch.worker.cf284e50.js:1:253780)
      at _0x3880c3.linkPackages (https://w-credentialless-staticblitz.com/fetch.worker.cf284e50.js:1:251331)
      at MessagePort._0x4b8e50 (https://w-credentialless-staticblitz.com/fetch.worker.cf284e50.js:1:220879)

npm manifest: 
  {
    "name": "react-native-starter",
    "main": "expo-router/entry",
    "version": "1.0.0",
    "private": true,
    "scripts": {
      "dev": "EXPO_NO_TELEMETRY=1 npx expo start",
      "build:web": "npx expo export --platform web",
      "lint": "npx expo lint"
    },
    "dependencies": {
      "@expo-google-fonts/inter": "^0.3.0",
      "@expo/vector-icons": "^14.0.0",
      "@faker-js/faker": "^8.4.1",
      "@react-navigation/bottom-tabs": "^6.5.20",
      "@react-navigation/native": "^6.1.17",
      "expo": "~51.0.0",
      "expo-blur": "~13.0.2",
      "expo-constants": "~16.0.2",
      "expo-font": "~12.0.7",
      "expo-haptics": "~13.0.1",
      "expo-linear-gradient": "~13.0.2",
      "expo-linking": "~6.3.1",
      "expo-router": "~3.5.16",
      "expo-splash-screen": "~0.27.5",
      "expo-status-bar": "~1.12.1",
      "expo-system-ui": "~3.0.7",
      "expo-web-browser": "~13.0.3",
      "lucide-react-native": "^0.511.0",
      "react": "18.2.0",
      "react-dom": "18.2.0",
      "react-native": "0.74.2",
      "react-native-gesture-handler": "~2.16.1",
      "react-native-reanimated": "~3.10.1",
      "react-native-safe-area-context": "4.10.1",
      "react-native-screens": "3.31.1",
      "react-native-svg": "15.2.0",
      "react-native-web": "~0.20.0"
    },
    "devDependencies": {
      "@babel/core": "^7.20.0",
      "@types/react": "~18.2.45",
      "typescript": "~5.3.3"
    }
  }

yarn manifest: 
  No manifest

Lockfile: 
  No lockfile
